0 info it worked if it ends with ok
1 verbose cli [ 'node', '/usr/bin/npm', 'install', '-g', 'react-tools' ]
2 info using npm@1.3.12
3 info using node@v0.10.21
4 verbose node symlink /usr/bin/node
5 verbose cache add [ 'react-tools', null ]
6 verbose cache add name=undefined spec="react-tools" args=["react-tools",null]
7 verbose parsed url { protocol: null,
7 verbose parsed url   slashes: null,
7 verbose parsed url   auth: null,
7 verbose parsed url   host: null,
7 verbose parsed url   port: null,
7 verbose parsed url   hostname: null,
7 verbose parsed url   hash: null,
7 verbose parsed url   search: null,
7 verbose parsed url   query: null,
7 verbose parsed url   pathname: 'react-tools',
7 verbose parsed url   path: 'react-tools',
7 verbose parsed url   href: 'react-tools' }
8 silly lockFile 0f761efe-react-tools react-tools
9 verbose lock react-tools /home/2013/dblade/.npm/0f761efe-react-tools.lock
10 silly lockFile 0f761efe-react-tools react-tools
11 silly lockFile 0f761efe-react-tools react-tools
12 verbose addNamed [ 'react-tools', '' ]
13 verbose addNamed [ null, '*' ]
14 silly lockFile 47fcd5e0-react-tools react-tools@
15 verbose lock react-tools@ /home/2013/dblade/.npm/47fcd5e0-react-tools.lock
16 silly addNameRange { name: 'react-tools', range: '*', hasData: false }
17 verbose url raw react-tools
18 verbose url resolving [ 'https://registry.npmjs.org/', './react-tools' ]
19 verbose url resolved https://registry.npmjs.org/react-tools
20 info trying registry request attempt 1 at 17:49:35
21 http GET https://registry.npmjs.org/react-tools
22 http 200 https://registry.npmjs.org/react-tools
23 silly registry.get cb [ 200,
23 silly registry.get   { date: 'Sat, 29 Nov 2014 22:49:35 GMT',
23 silly registry.get     server: 'CouchDB/1.5.0 (Erlang OTP/R16B03)',
23 silly registry.get     etag: '"DCVN3PH3L0BU1WFJYJG0ZD7Z7"',
23 silly registry.get     'content-type': 'application/json',
23 silly registry.get     'cache-control': 'max-age=60',
23 silly registry.get     'content-length': '43692',
23 silly registry.get     'accept-ranges': 'bytes',
23 silly registry.get     via: '1.1 varnish',
23 silly registry.get     age: '0',
23 silly registry.get     'x-served-by': 'cache-iad2121-IAD',
23 silly registry.get     'x-cache': 'HIT',
23 silly registry.get     'x-cache-hits': '1',
23 silly registry.get     'x-timer': 'S1417301375.322773,VS0,VE84',
23 silly registry.get     vary: 'Accept',
23 silly registry.get     'keep-alive': 'timeout=10, max=50',
23 silly registry.get     connection: 'Keep-Alive' } ]
24 silly addNameRange number 2 { name: 'react-tools', range: '*', hasData: true }
25 silly addNameRange versions [ 'react-tools',
25 silly addNameRange   [ '0.3.0',
25 silly addNameRange     '0.3.1',
25 silly addNameRange     '0.3.2',
25 silly addNameRange     '0.3.3',
25 silly addNameRange     '0.4.0',
25 silly addNameRange     '0.4.1',
25 silly addNameRange     '0.5.0',
25 silly addNameRange     '0.5.1',
25 silly addNameRange     '0.4.2',
25 silly addNameRange     '0.5.2',
25 silly addNameRange     '0.8.0',
25 silly addNameRange     '0.9.0-rc1',
25 silly addNameRange     '0.9.0',
25 silly addNameRange     '0.10.0-rc1',
25 silly addNameRange     '0.10.0',
25 silly addNameRange     '0.11.0-rc1',
25 silly addNameRange     '0.11.0',
25 silly addNameRange     '0.11.1',
25 silly addNameRange     '0.11.2',
25 silly addNameRange     '0.12.0-rc1',
25 silly addNameRange     '0.12.0',
25 silly addNameRange     '0.12.1' ] ]
26 verbose addNamed [ 'react-tools', '0.12.1' ]
27 verbose addNamed [ '0.12.1', '0.12.1' ]
28 silly lockFile a591857b-react-tools-0-12-1 react-tools@0.12.1
29 verbose lock react-tools@0.12.1 /home/2013/dblade/.npm/a591857b-react-tools-0-12-1.lock
30 silly lockFile 3810a535-act-tools-react-tools-0-12-1-tgz https://registry.npmjs.org/react-tools/-/react-tools-0.12.1.tgz
31 verbose lock https://registry.npmjs.org/react-tools/-/react-tools-0.12.1.tgz /home/2013/dblade/.npm/3810a535-act-tools-react-tools-0-12-1-tgz.lock
32 verbose addRemoteTarball [ 'https://registry.npmjs.org/react-tools/-/react-tools-0.12.1.tgz',
32 verbose addRemoteTarball   'cd016e2f1b80d35a6006100305c068925e25e3d2' ]
33 info retry fetch attempt 1 at 17:49:35
34 verbose fetch to= /home/2013/dblade/tmp/npm-28245-0hF-60yv/1417301375376-0.13330625370144844/tmp.tgz
35 http GET https://registry.npmjs.org/react-tools/-/react-tools-0.12.1.tgz
36 http 200 https://registry.npmjs.org/react-tools/-/react-tools-0.12.1.tgz
37 verbose tar unpack /home/2013/dblade/tmp/npm-28245-0hF-60yv/1417301375376-0.13330625370144844/tmp.tgz
38 silly lockFile 9971d837-5376-0-13330625370144844-package tar:///home/2013/dblade/tmp/npm-28245-0hF-60yv/1417301375376-0.13330625370144844/package
39 verbose lock tar:///home/2013/dblade/tmp/npm-28245-0hF-60yv/1417301375376-0.13330625370144844/package /home/2013/dblade/.npm/9971d837-5376-0-13330625370144844-package.lock
40 silly lockFile 34f91aba-5376-0-13330625370144844-tmp-tgz tar:///home/2013/dblade/tmp/npm-28245-0hF-60yv/1417301375376-0.13330625370144844/tmp.tgz
41 verbose lock tar:///home/2013/dblade/tmp/npm-28245-0hF-60yv/1417301375376-0.13330625370144844/tmp.tgz /home/2013/dblade/.npm/34f91aba-5376-0-13330625370144844-tmp-tgz.lock
42 silly gunzTarPerm modes [ '755', '644' ]
43 silly gunzTarPerm extractEntry package.json
44 silly gunzTarPerm extractEntry README.md
45 silly gunzTarPerm extractEntry main.js
46 silly gunzTarPerm extractEntry bin/jsx
47 silly gunzTarPerm extractEntry src/package.json
48 silly gunzTarPerm extractEntry src/addons/ReactComponentWithPureRenderMixin.js
49 silly gunzTarPerm extractEntry src/addons/ReactRAFBatchingStrategy.js
50 silly gunzTarPerm extractEntry src/addons/update.js
51 silly gunzTarPerm extractEntry src/addons/__tests__/update-test.js
52 silly gunzTarPerm extractEntry src/addons/link/LinkedStateMixin.js
53 silly gunzTarPerm extractEntry src/addons/link/ReactLink.js
54 silly gunzTarPerm extractEntry src/addons/link/__tests__/LinkedStateMixin-test.js
55 silly gunzTarPerm extractEntry src/addons/link/__tests__/ReactLinkPropTypes-test.js
56 silly gunzTarPerm extractEntry src/addons/transitions/ReactCSSTransitionGroup.js
57 silly gunzTarPerm extractEntry src/addons/transitions/ReactCSSTransitionGroupChild.js
58 silly gunzTarPerm extractEntry src/addons/transitions/ReactTransitionChildMapping.js
59 silly gunzTarPerm extractEntry src/addons/transitions/ReactTransitionEvents.js
60 silly gunzTarPerm extractEntry src/addons/transitions/ReactTransitionGroup.js
61 silly gunzTarPerm extractEntry src/addons/transitions/__tests__/ReactCSSTransitionGroup-test.js
62 silly gunzTarPerm extractEntry src/addons/transitions/__tests__/ReactTransitionChildMapping-test.js
63 silly gunzTarPerm extractEntry src/addons/transitions/__tests__/ReactTransitionGroup-test.js
64 silly gunzTarPerm extractEntry src/browser/ClientReactRootIndex.js
65 silly gunzTarPerm extractEntry src/browser/ReactDOM.js
66 silly gunzTarPerm extractEntry src/browser/ReactPutListenerQueue.js
67 silly gunzTarPerm extractEntry src/browser/ReactReconcileTransaction.js
68 silly gunzTarPerm extractEntry src/browser/ReactTextComponent.js
69 silly gunzTarPerm extractEntry src/browser/ReactBrowserEventEmitter.js
70 silly gunzTarPerm extractEntry src/browser/ReactWithAddons.js
71 silly gunzTarPerm extractEntry src/browser/__tests__/ReactBrowserEventEmitter-test.js
72 silly gunzTarPerm extractEntry src/browser/__tests__/ReactDOM-test.js
73 silly gunzTarPerm extractEntry src/browser/__tests__/ReactWebWorker-test.js
74 silly gunzTarPerm extractEntry src/browser/eventPlugins/AnalyticsEventPluginFactory.js
75 silly gunzTarPerm extractEntry src/browser/eventPlugins/ChangeEventPlugin.js
76 silly gunzTarPerm extractEntry src/browser/eventPlugins/CompositionEventPlugin.js
77 silly gunzTarPerm extractEntry src/browser/eventPlugins/DefaultEventPluginOrder.js
78 silly gunzTarPerm extractEntry src/browser/eventPlugins/EnterLeaveEventPlugin.js
79 silly gunzTarPerm extractEntry src/browser/eventPlugins/BeforeInputEventPlugin.js
80 silly gunzTarPerm extractEntry src/browser/eventPlugins/ResponderEventPlugin.js
81 silly gunzTarPerm extractEntry src/browser/eventPlugins/SelectEventPlugin.js
82 silly gunzTarPerm extractEntry src/browser/eventPlugins/SimpleEventPlugin.js
83 silly gunzTarPerm extractEntry src/browser/eventPlugins/TapEventPlugin.js
84 silly gunzTarPerm extractEntry src/browser/eventPlugins/MobileSafariClickEventPlugin.js
85 silly gunzTarPerm extractEntry src/browser/eventPlugins/__tests__/AnalyticsEventPlugin-test.js
86 silly gunzTarPerm extractEntry src/browser/eventPlugins/__tests__/EnterLeaveEventPlugin-test.js
87 silly gunzTarPerm extractEntry src/browser/eventPlugins/__tests__/ResponderEventPlugin-test.js
88 silly gunzTarPerm extractEntry src/browser/server/ReactMarkupChecksum.js
89 silly gunzTarPerm extractEntry src/browser/server/ReactServerRendering.js
90 silly gunzTarPerm extractEntry src/browser/server/ReactServerRenderingTransaction.js
91 silly gunzTarPerm extractEntry src/browser/server/ServerReactRootIndex.js
92 silly gunzTarPerm extractEntry src/browser/server/__tests__/ReactServerRendering-test.js
93 silly gunzTarPerm extractEntry src/browser/syntheticEvents/SyntheticClipboardEvent.js
94 silly gunzTarPerm extractEntry src/browser/syntheticEvents/SyntheticDragEvent.js
95 silly gunzTarPerm extractEntry src/browser/syntheticEvents/SyntheticEvent.js
96 silly gunzTarPerm extractEntry src/browser/syntheticEvents/SyntheticFocusEvent.js
97 silly gunzTarPerm extractEntry src/browser/syntheticEvents/SyntheticInputEvent.js
98 silly gunzTarPerm extractEntry src/browser/syntheticEvents/SyntheticCompositionEvent.js
99 silly gunzTarPerm extractEntry src/browser/syntheticEvents/SyntheticMouseEvent.js
100 silly gunzTarPerm extractEntry src/browser/syntheticEvents/SyntheticTouchEvent.js
101 silly gunzTarPerm extractEntry src/browser/syntheticEvents/SyntheticUIEvent.js
102 silly gunzTarPerm extractEntry src/browser/syntheticEvents/SyntheticWheelEvent.js
103 silly gunzTarPerm extractEntry src/browser/syntheticEvents/SyntheticKeyboardEvent.js
104 silly gunzTarPerm extractEntry src/browser/syntheticEvents/__tests__/SyntheticEvent-test.js
105 silly gunzTarPerm extractEntry src/browser/syntheticEvents/__tests__/SyntheticWheelEvent-test.js
106 silly gunzTarPerm extractEntry src/browser/ui/React.js
107 silly gunzTarPerm extractEntry src/browser/ui/ReactComponentBrowserEnvironment.js
108 silly gunzTarPerm extractEntry src/browser/ui/ReactDOMComponent.js
109 silly gunzTarPerm extractEntry src/browser/ui/ReactDOMIDOperations.js
110 silly gunzTarPerm extractEntry src/browser/ui/ReactDOMSelection.js
111 silly gunzTarPerm extractEntry src/browser/ui/ReactDefaultInjection.js
112 silly gunzTarPerm extractEntry src/browser/ui/ReactBrowserComponentMixin.js
113 silly gunzTarPerm extractEntry src/browser/ui/ReactInjection.js
114 silly gunzTarPerm extractEntry src/browser/ui/ReactInputSelection.js
115 silly gunzTarPerm extractEntry src/browser/ui/ReactMount.js
116 silly gunzTarPerm extractEntry src/browser/ui/getReactRootElementInContainer.js
117 silly gunzTarPerm extractEntry src/browser/ui/ReactEventListener.js
118 silly gunzTarPerm extractEntry src/browser/ui/__tests__/ReactDOMComponent-test.js
119 silly gunzTarPerm extractEntry src/browser/ui/__tests__/ReactDOMIDOperations-test.js
120 silly gunzTarPerm extractEntry src/browser/ui/__tests__/ReactEventListener-test.js
121 silly gunzTarPerm extractEntry src/browser/ui/__tests__/ReactMount-test.js
122 silly gunzTarPerm extractEntry src/browser/ui/__tests__/ReactMountDestruction-test.js
123 silly gunzTarPerm extractEntry src/browser/ui/__tests__/ReactRenderDocument-test.js
124 silly gunzTarPerm extractEntry src/browser/ui/dom/CSSProperty.js
125 silly gunzTarPerm extractEntry src/browser/ui/dom/HTMLDOMPropertyConfig.js
126 silly gunzTarPerm extractEntry src/browser/ui/dom/SVGDOMPropertyConfig.js
127 silly gunzTarPerm extractEntry src/browser/ui/dom/ViewportMetrics.js
128 silly gunzTarPerm extractEntry src/browser/ui/dom/Danger.js
129 silly gunzTarPerm extractEntry src/browser/ui/dom/CSSPropertyOperations.js
130 silly gunzTarPerm extractEntry src/browser/ui/dom/dangerousStyleValue.js
131 silly gunzTarPerm extractEntry src/browser/ui/dom/getEventCharCode.js
132 silly gunzTarPerm extractEntry src/browser/ui/dom/getEventKey.js
133 silly gunzTarPerm extractEntry src/browser/ui/dom/getEventModifierState.js
134 silly gunzTarPerm extractEntry src/browser/ui/dom/DOMPropertyOperations.js
135 silly gunzTarPerm extractEntry src/browser/ui/dom/getEventTarget.js
136 silly gunzTarPerm extractEntry src/browser/ui/dom/DOMProperty.js
137 silly gunzTarPerm extractEntry src/browser/ui/dom/getNodeForCharacterOffset.js
138 silly gunzTarPerm extractEntry src/browser/ui/dom/DOMChildrenOperations.js
139 silly gunzTarPerm extractEntry src/browser/ui/dom/getTextContentAccessor.js
140 silly gunzTarPerm extractEntry src/browser/ui/dom/isEventSupported.js
141 silly gunzTarPerm extractEntry src/browser/ui/dom/setInnerHTML.js
142 silly gunzTarPerm extractEntry src/browser/ui/dom/__tests__/CSSProperty-test.js
143 silly gunzTarPerm extractEntry src/browser/ui/dom/__tests__/CSSPropertyOperations-test.js
144 silly gunzTarPerm extractEntry src/browser/ui/dom/__tests__/DOMPropertyOperations-test.js
145 silly gunzTarPerm extractEntry src/browser/ui/dom/__tests__/Danger-test.js
146 silly gunzTarPerm extractEntry src/browser/ui/dom/__tests__/getNodeForCharacterOffset-test.js
147 silly gunzTarPerm extractEntry src/browser/ui/dom/components/AutoFocusMixin.js
148 silly gunzTarPerm extractEntry src/browser/ui/dom/components/LocalEventTrapMixin.js
149 silly gunzTarPerm extractEntry src/browser/ui/dom/components/ReactDOMButton.js
150 silly gunzTarPerm extractEntry src/browser/ui/dom/components/ReactDOMForm.js
151 silly gunzTarPerm extractEntry src/browser/ui/dom/components/ReactDOMImg.js
152 silly gunzTarPerm extractEntry src/browser/ui/dom/components/LinkedValueUtils.js
153 silly gunzTarPerm extractEntry src/browser/ui/dom/components/ReactDOMOption.js
154 silly gunzTarPerm extractEntry src/browser/ui/dom/components/ReactDOMSelect.js
155 silly gunzTarPerm extractEntry src/browser/ui/dom/components/ReactDOMTextarea.js
156 silly gunzTarPerm extractEntry src/browser/ui/dom/components/createFullPageComponent.js
157 silly gunzTarPerm extractEntry src/browser/ui/dom/components/ReactDOMInput.js
158 silly gunzTarPerm extractEntry src/browser/ui/dom/components/__tests__/ReactDOMButton-test.js
159 silly gunzTarPerm extractEntry src/browser/ui/dom/components/__tests__/ReactDOMInput-test.js
160 silly gunzTarPerm extractEntry src/browser/ui/dom/components/__tests__/ReactDOMSelect-test.js
161 silly gunzTarPerm extractEntry src/browser/ui/dom/components/__tests__/ReactDOMTextarea-test.js
162 silly gunzTarPerm extractEntry src/core/ReactComponent.js
163 silly gunzTarPerm extractEntry src/core/ReactEventEmitterMixin.js
164 silly gunzTarPerm extractEntry src/core/ReactInstanceHandles.js
165 silly gunzTarPerm extractEntry src/core/ReactLegacyElement.js
166 silly gunzTarPerm extractEntry src/core/ReactEmptyComponent.js
167 silly gunzTarPerm extractEntry src/core/ReactCompositeComponent.js
168 silly gunzTarPerm extractEntry src/core/ReactNativeComponent.js
169 silly gunzTarPerm extractEntry src/core/ReactOwner.js
170 silly gunzTarPerm extractEntry src/core/ReactPropTransferer.js
171 silly gunzTarPerm extractEntry src/core/ReactPropTypeLocationNames.js
172 silly gunzTarPerm extractEntry src/core/ReactElementValidator.js
173 silly gunzTarPerm extractEntry src/core/ReactPropTypeLocations.js
174 silly gunzTarPerm extractEntry src/core/ReactElement.js
175 silly gunzTarPerm extractEntry src/core/ReactPropTypes.js
176 silly gunzTarPerm extractEntry src/core/ReactDoNotBindDeprecated.js
177 silly gunzTarPerm extractEntry src/core/ReactRootIndex.js
178 silly gunzTarPerm extractEntry src/core/ReactDefaultBatchingStrategy.js
179 silly gunzTarPerm extractEntry src/core/ReactStateSetters.js
180 silly gunzTarPerm extractEntry src/core/ReactCurrentOwner.js
181 silly gunzTarPerm extractEntry src/core/ReactUpdates.js
182 silly gunzTarPerm extractEntry src/core/ReactContext.js
183 silly gunzTarPerm extractEntry src/core/instantiateReactComponent.js
184 silly gunzTarPerm extractEntry src/core/ReactMultiChild.js
185 silly gunzTarPerm extractEntry src/core/shouldUpdateReactComponent.js
186 silly gunzTarPerm extractEntry src/core/ReactMultiChildUpdateTypes.js
187 silly gunzTarPerm extractEntry src/core/__tests__/ReactBind-test.js
188 silly gunzTarPerm extractEntry src/core/__tests__/ReactCompositeComponentSpec-test.js
189 silly gunzTarPerm extractEntry src/core/__tests__/ReactCompositeComponentState-test.js
190 silly gunzTarPerm extractEntry src/core/__tests__/ReactElement-test.js
191 silly gunzTarPerm extractEntry src/core/__tests__/ReactIdentity-test.js
192 silly gunzTarPerm extractEntry src/core/__tests__/ReactCompositeComponentMixin-test.js
193 silly gunzTarPerm extractEntry src/core/__tests__/ReactMultiChild-test.js
194 silly gunzTarPerm extractEntry src/core/__tests__/ReactMultiChildReconcile-test.js
195 silly gunzTarPerm extractEntry src/core/__tests__/ReactMultiChildText-test.js
196 silly gunzTarPerm extractEntry src/core/__tests__/ReactPropTransferer-test.js
197 silly gunzTarPerm extractEntry src/core/__tests__/ReactPropTypes-test.js
198 silly gunzTarPerm extractEntry src/core/__tests__/ReactCompositeComponentError-test.js
199 silly gunzTarPerm extractEntry src/core/__tests__/ReactStateSetters-test.js
200 silly gunzTarPerm extractEntry src/core/__tests__/ReactCompositeComponentDOMMinimalism-test.js
201 silly gunzTarPerm extractEntry src/core/__tests__/ReactTextComponent-test.js
202 silly gunzTarPerm extractEntry src/core/__tests__/ReactCompositeComponent-test.js
203 silly gunzTarPerm extractEntry src/core/__tests__/ReactUpdates-test.js
204 silly gunzTarPerm extractEntry src/core/__tests__/ReactComponentLifeCycle-test.js
205 silly gunzTarPerm extractEntry src/core/__tests__/refs-destruction-test.js
206 silly gunzTarPerm extractEntry src/core/__tests__/ReactComponent-test.js
207 silly gunzTarPerm extractEntry src/core/__tests__/refs-test.js
208 silly gunzTarPerm extractEntry src/core/__tests__/ReactInstanceHandles-test.js
209 silly gunzTarPerm extractEntry src/event/EventConstants.js
210 silly gunzTarPerm extractEntry src/event/EventPluginHub.js
211 silly gunzTarPerm extractEntry src/event/EventPluginRegistry.js
212 silly gunzTarPerm extractEntry src/event/EventPluginUtils.js
213 silly gunzTarPerm extractEntry src/event/EventPropagators.js
214 silly gunzTarPerm extractEntry src/event/__tests__/EventPluginHub-test.js
215 silly gunzTarPerm extractEntry src/event/__tests__/EventPluginRegistry-test.js
216 silly gunzTarPerm extractEntry src/test/ReactDefaultPerf.js
217 silly gunzTarPerm extractEntry src/test/ReactTestUtils.js
218 silly gunzTarPerm extractEntry src/test/all.js
219 silly gunzTarPerm extractEntry src/test/createHierarchyRenderer.js
220 silly gunzTarPerm extractEntry src/test/ReactPerf.js
221 silly gunzTarPerm extractEntry src/test/mock-modules.js
222 silly gunzTarPerm extractEntry src/test/mock-timers.js
223 silly gunzTarPerm extractEntry src/test/mocks.js
224 silly gunzTarPerm extractEntry src/test/phantomjs-shims.js
225 silly gunzTarPerm extractEntry src/test/reactComponentExpect.js
226 silly gunzTarPerm extractEntry src/test/ReactDefaultPerfAnalysis.js
227 silly gunzTarPerm extractEntry src/test/worker.js
228 silly gunzTarPerm extractEntry src/test/getTestDocument.js
229 silly gunzTarPerm extractEntry src/utils/CallbackQueue.js
230 silly gunzTarPerm extractEntry src/utils/accumulate.js
231 silly gunzTarPerm extractEntry src/utils/accumulateInto.js
232 silly gunzTarPerm extractEntry src/utils/adler32.js
233 silly gunzTarPerm extractEntry src/utils/cloneWithProps.js
234 silly gunzTarPerm extractEntry src/utils/sliceChildren.js
235 silly gunzTarPerm extractEntry src/utils/escapeTextForBrowser.js
236 silly gunzTarPerm extractEntry src/utils/flattenChildren.js
237 silly gunzTarPerm extractEntry src/utils/forEachAccumulated.js
238 silly gunzTarPerm extractEntry src/utils/isTextInputElement.js
239 silly gunzTarPerm extractEntry src/utils/joinClasses.js
240 silly gunzTarPerm extractEntry src/utils/Transaction.js
241 silly gunzTarPerm extractEntry src/utils/keyMirror.js
242 silly gunzTarPerm extractEntry src/utils/ReactChildren.js
243 silly gunzTarPerm extractEntry src/utils/memoizeStringOnly.js
244 silly gunzTarPerm extractEntry src/utils/PooledClass.js
245 silly gunzTarPerm extractEntry src/utils/onlyChild.js
246 silly gunzTarPerm extractEntry src/utils/OrderedMap.js
247 silly gunzTarPerm extractEntry src/utils/shallowEqual.js
248 silly gunzTarPerm extractEntry src/utils/LegacyImmutableObject.js
249 silly gunzTarPerm extractEntry src/utils/traverseAllChildren.js
250 silly gunzTarPerm extractEntry src/utils/deprecated.js
251 silly gunzTarPerm extractEntry src/utils/__tests__/LegacyImmutableObject-test.js
252 silly gunzTarPerm extractEntry src/utils/__tests__/ReactChildren-test.js
253 silly gunzTarPerm extractEntry src/utils/__tests__/Transaction-test.js
254 silly gunzTarPerm extractEntry src/utils/__tests__/accumulateInto-test.js
255 silly gunzTarPerm extractEntry src/utils/__tests__/cloneWithProps-test.js
256 silly gunzTarPerm extractEntry src/utils/__tests__/PooledClass-test.js
257 silly gunzTarPerm extractEntry src/utils/__tests__/joinClasses-test.js
258 silly gunzTarPerm extractEntry src/utils/__tests__/keyMirror-test.js
259 silly gunzTarPerm extractEntry src/utils/__tests__/memoizeStringOnly-test.js
260 silly gunzTarPerm extractEntry src/utils/__tests__/onlyChild-test.js
261 silly gunzTarPerm extractEntry src/utils/__tests__/sliceChildren-test.js
262 silly gunzTarPerm extractEntry src/utils/__tests__/OrderedMap-test.js
263 silly gunzTarPerm extractEntry src/utils/__tests__/traverseAllChildren-test.js
264 silly gunzTarPerm extractEntry src/utils/__tests__/escapeTextForBrowser-test.js
265 silly gunzTarPerm extractEntry src/vendor/README.md
266 silly gunzTarPerm extractEntry src/vendor/core/CSSCore.js
267 silly gunzTarPerm extractEntry src/vendor/core/emptyFunction.js
268 silly gunzTarPerm extractEntry src/vendor/core/emptyObject.js
269 silly gunzTarPerm extractEntry src/vendor/core/getMarkupWrap.js
270 silly gunzTarPerm extractEntry src/vendor/core/toArray.js
271 silly gunzTarPerm extractEntry src/vendor/core/ExecutionEnvironment.js
272 silly gunzTarPerm extractEntry src/vendor/core/invariant.js
273 silly gunzTarPerm extractEntry src/vendor/core/keyOf.js
274 silly gunzTarPerm extractEntry src/vendor/core/mapObject.js
275 silly gunzTarPerm extractEntry src/vendor/core/mergeDeep.js
276 silly gunzTarPerm extractEntry src/vendor/core/createNodesFromMarkup.js
277 silly gunzTarPerm extractEntry src/vendor/core/mergeDeepInto.js
278 silly gunzTarPerm extractEntry src/vendor/core/createArrayFrom.js
279 silly gunzTarPerm extractEntry src/vendor/core/mergeHelpers.js
280 silly gunzTarPerm extractEntry src/vendor/core/camelizeStyleName.js
281 silly gunzTarPerm extractEntry src/vendor/core/monitorCodeUse.js
282 silly gunzTarPerm extractEntry src/vendor/core/camelize.js
283 silly gunzTarPerm extractEntry src/vendor/core/nativeRequestAnimationFrame.js
284 silly gunzTarPerm extractEntry src/vendor/core/TouchEventUtils.js
285 silly gunzTarPerm extractEntry src/vendor/core/requestAnimationFrame.js
286 silly gunzTarPerm extractEntry src/vendor/core/hyphenate.js
287 silly gunzTarPerm extractEntry src/vendor/core/warning.js
288 silly gunzTarPerm extractEntry src/vendor/core/hyphenateStyleName.js
289 silly gunzTarPerm extractEntry src/vendor/core/dom/containsNode.js
290 silly gunzTarPerm extractEntry src/vendor/core/dom/focusNode.js
291 silly gunzTarPerm extractEntry src/vendor/core/dom/getActiveElement.js
292 silly gunzTarPerm extractEntry src/vendor/core/dom/getUnboundedScrollPosition.js
293 silly gunzTarPerm extractEntry src/vendor/core/dom/isNode.js
294 silly gunzTarPerm extractEntry src/vendor/core/dom/isTextNode.js
295 silly gunzTarPerm extractEntry src/vendor/immutable/Immutable.js
296 silly gunzTarPerm extractEntry src/vendor/immutable/ImmutableObject.js
297 silly gunzTarPerm extractEntry src/vendor/performance/performance.js
298 silly gunzTarPerm extractEntry src/vendor/performance/performanceNow.js
299 silly gunzTarPerm extractEntry src/vendor/stubs/EventListener.js
300 silly gunzTarPerm extractEntry src/vendor/stubs/Object.assign.js
301 silly gunzTarPerm extractEntry src/vendor/stubs/ReactErrorUtils.js
302 silly gunzTarPerm extractEntry src/vendor/stubs/cx.js
303 silly gunzTarPerm extractEntry src/vendor_deprecated/README.md
304 silly gunzTarPerm extractEntry src/vendor_deprecated/core/copyProperties.js
305 silly gunzTarPerm extractEntry src/vendor_deprecated/core/merge.js
306 silly gunzTarPerm extractEntry src/vendor_deprecated/core/mergeInto.js
307 silly gunzTarPerm extractEntry vendor/fbtransform/syntax.js
308 silly gunzTarPerm extractEntry vendor/fbtransform/visitors.js
309 silly gunzTarPerm extractEntry vendor/fbtransform/transforms/react.js
310 silly gunzTarPerm extractEntry vendor/fbtransform/transforms/reactDisplayName.js
311 silly gunzTarPerm extractEntry vendor/fbtransform/transforms/xjs.js
312 silly gunzTarPerm extractEntry vendor/fbtransform/transforms/__tests__/react-displayName-test.js
313 silly gunzTarPerm extractEntry vendor/fbtransform/transforms/__tests__/react-test.js
314 silly lockFile 9971d837-5376-0-13330625370144844-package tar:///home/2013/dblade/tmp/npm-28245-0hF-60yv/1417301375376-0.13330625370144844/package
315 silly lockFile 9971d837-5376-0-13330625370144844-package tar:///home/2013/dblade/tmp/npm-28245-0hF-60yv/1417301375376-0.13330625370144844/package
316 silly lockFile 34f91aba-5376-0-13330625370144844-tmp-tgz tar:///home/2013/dblade/tmp/npm-28245-0hF-60yv/1417301375376-0.13330625370144844/tmp.tgz
317 silly lockFile 34f91aba-5376-0-13330625370144844-tmp-tgz tar:///home/2013/dblade/tmp/npm-28245-0hF-60yv/1417301375376-0.13330625370144844/tmp.tgz
318 verbose tar pack [ '/home/2013/dblade/.npm/react-tools/0.12.1/package.tgz',
318 verbose tar pack   '/home/2013/dblade/tmp/npm-28245-0hF-60yv/1417301375376-0.13330625370144844/package' ]
319 verbose tarball /home/2013/dblade/.npm/react-tools/0.12.1/package.tgz
320 verbose folder /home/2013/dblade/tmp/npm-28245-0hF-60yv/1417301375376-0.13330625370144844/package
321 silly lockFile 9971d837-5376-0-13330625370144844-package tar:///home/2013/dblade/tmp/npm-28245-0hF-60yv/1417301375376-0.13330625370144844/package
322 verbose lock tar:///home/2013/dblade/tmp/npm-28245-0hF-60yv/1417301375376-0.13330625370144844/package /home/2013/dblade/.npm/9971d837-5376-0-13330625370144844-package.lock
323 silly lockFile 8edb5994-m-react-tools-0-12-1-package-tgz tar:///home/2013/dblade/.npm/react-tools/0.12.1/package.tgz
324 verbose lock tar:///home/2013/dblade/.npm/react-tools/0.12.1/package.tgz /home/2013/dblade/.npm/8edb5994-m-react-tools-0-12-1-package-tgz.lock
325 silly lockFile 9971d837-5376-0-13330625370144844-package tar:///home/2013/dblade/tmp/npm-28245-0hF-60yv/1417301375376-0.13330625370144844/package
326 silly lockFile 9971d837-5376-0-13330625370144844-package tar:///home/2013/dblade/tmp/npm-28245-0hF-60yv/1417301375376-0.13330625370144844/package
327 silly lockFile 8edb5994-m-react-tools-0-12-1-package-tgz tar:///home/2013/dblade/.npm/react-tools/0.12.1/package.tgz
328 silly lockFile 8edb5994-m-react-tools-0-12-1-package-tgz tar:///home/2013/dblade/.npm/react-tools/0.12.1/package.tgz
329 silly lockFile 814570d8-e-npm-react-tools-0-12-1-package /home/2013/dblade/.npm/react-tools/0.12.1/package
330 verbose lock /home/2013/dblade/.npm/react-tools/0.12.1/package /home/2013/dblade/.npm/814570d8-e-npm-react-tools-0-12-1-package.lock
331 silly lockFile 814570d8-e-npm-react-tools-0-12-1-package /home/2013/dblade/.npm/react-tools/0.12.1/package
332 silly lockFile 814570d8-e-npm-react-tools-0-12-1-package /home/2013/dblade/.npm/react-tools/0.12.1/package
333 verbose tar unpack /home/2013/dblade/.npm/react-tools/0.12.1/package.tgz
334 silly lockFile 037f6689-e-npm-react-tools-0-12-1-package tar:///home/2013/dblade/.npm/react-tools/0.12.1/package
335 verbose lock tar:///home/2013/dblade/.npm/react-tools/0.12.1/package /home/2013/dblade/.npm/037f6689-e-npm-react-tools-0-12-1-package.lock
336 silly lockFile 8edb5994-m-react-tools-0-12-1-package-tgz tar:///home/2013/dblade/.npm/react-tools/0.12.1/package.tgz
337 verbose lock tar:///home/2013/dblade/.npm/react-tools/0.12.1/package.tgz /home/2013/dblade/.npm/8edb5994-m-react-tools-0-12-1-package-tgz.lock
338 silly gunzTarPerm modes [ '755', '644' ]
339 silly gunzTarPerm extractEntry package.json
340 silly gunzTarPerm extractEntry README.md
341 silly gunzTarPerm extractEntry main.js
342 silly gunzTarPerm extractEntry bin/jsx
343 silly gunzTarPerm extractEntry src/package.json
344 silly gunzTarPerm extractEntry src/addons/ReactComponentWithPureRenderMixin.js
345 silly gunzTarPerm extractEntry src/addons/ReactRAFBatchingStrategy.js
346 silly gunzTarPerm extractEntry src/addons/update.js
347 silly gunzTarPerm extractEntry src/addons/__tests__/update-test.js
348 silly gunzTarPerm extractEntry src/addons/link/LinkedStateMixin.js
349 silly gunzTarPerm extractEntry src/addons/link/ReactLink.js
350 silly gunzTarPerm extractEntry src/addons/link/__tests__/LinkedStateMixin-test.js
351 silly gunzTarPerm extractEntry src/addons/link/__tests__/ReactLinkPropTypes-test.js
352 silly gunzTarPerm extractEntry src/addons/transitions/ReactCSSTransitionGroup.js
353 silly gunzTarPerm extractEntry src/addons/transitions/ReactCSSTransitionGroupChild.js
354 silly gunzTarPerm extractEntry src/addons/transitions/ReactTransitionChildMapping.js
355 silly gunzTarPerm extractEntry src/addons/transitions/ReactTransitionEvents.js
356 silly gunzTarPerm extractEntry src/addons/transitions/ReactTransitionGroup.js
357 silly gunzTarPerm extractEntry src/addons/transitions/__tests__/ReactCSSTransitionGroup-test.js
358 silly gunzTarPerm extractEntry src/addons/transitions/__tests__/ReactTransitionChildMapping-test.js
359 silly gunzTarPerm extractEntry src/addons/transitions/__tests__/ReactTransitionGroup-test.js
360 silly gunzTarPerm extractEntry src/browser/ClientReactRootIndex.js
361 silly gunzTarPerm extractEntry src/browser/ReactDOM.js
362 silly gunzTarPerm extractEntry src/browser/ReactPutListenerQueue.js
363 silly gunzTarPerm extractEntry src/browser/ReactReconcileTransaction.js
364 silly gunzTarPerm extractEntry src/browser/ReactTextComponent.js
365 silly gunzTarPerm extractEntry src/browser/ReactBrowserEventEmitter.js
366 silly gunzTarPerm extractEntry src/browser/ReactWithAddons.js
367 silly gunzTarPerm extractEntry src/browser/__tests__/ReactBrowserEventEmitter-test.js
368 silly gunzTarPerm extractEntry src/browser/__tests__/ReactDOM-test.js
369 silly gunzTarPerm extractEntry src/browser/__tests__/ReactWebWorker-test.js
370 silly gunzTarPerm extractEntry src/browser/eventPlugins/AnalyticsEventPluginFactory.js
371 silly gunzTarPerm extractEntry src/browser/eventPlugins/ChangeEventPlugin.js
372 silly gunzTarPerm extractEntry src/browser/eventPlugins/CompositionEventPlugin.js
373 silly gunzTarPerm extractEntry src/browser/eventPlugins/DefaultEventPluginOrder.js
374 silly gunzTarPerm extractEntry src/browser/eventPlugins/EnterLeaveEventPlugin.js
375 silly gunzTarPerm extractEntry src/browser/eventPlugins/BeforeInputEventPlugin.js
376 silly gunzTarPerm extractEntry src/browser/eventPlugins/ResponderEventPlugin.js
377 silly gunzTarPerm extractEntry src/browser/eventPlugins/SelectEventPlugin.js
378 silly gunzTarPerm extractEntry src/browser/eventPlugins/SimpleEventPlugin.js
379 silly gunzTarPerm extractEntry src/browser/eventPlugins/TapEventPlugin.js
380 silly gunzTarPerm extractEntry src/browser/eventPlugins/MobileSafariClickEventPlugin.js
381 silly gunzTarPerm extractEntry src/browser/eventPlugins/__tests__/AnalyticsEventPlugin-test.js
382 silly gunzTarPerm extractEntry src/browser/eventPlugins/__tests__/EnterLeaveEventPlugin-test.js
383 silly gunzTarPerm extractEntry src/browser/eventPlugins/__tests__/ResponderEventPlugin-test.js
384 silly gunzTarPerm extractEntry src/browser/server/ReactMarkupChecksum.js
385 silly gunzTarPerm extractEntry src/browser/server/ReactServerRendering.js
386 silly gunzTarPerm extractEntry src/browser/server/ReactServerRenderingTransaction.js
387 silly gunzTarPerm extractEntry src/browser/server/ServerReactRootIndex.js
388 silly gunzTarPerm extractEntry src/browser/server/__tests__/ReactServerRendering-test.js
389 silly gunzTarPerm extractEntry src/browser/syntheticEvents/SyntheticClipboardEvent.js
390 silly gunzTarPerm extractEntry src/browser/syntheticEvents/SyntheticDragEvent.js
391 silly gunzTarPerm extractEntry src/browser/syntheticEvents/SyntheticEvent.js
392 silly gunzTarPerm extractEntry src/browser/syntheticEvents/SyntheticFocusEvent.js
393 silly gunzTarPerm extractEntry src/browser/syntheticEvents/SyntheticInputEvent.js
394 silly gunzTarPerm extractEntry src/browser/syntheticEvents/SyntheticCompositionEvent.js
395 silly gunzTarPerm extractEntry src/browser/syntheticEvents/SyntheticMouseEvent.js
396 silly gunzTarPerm extractEntry src/browser/syntheticEvents/SyntheticTouchEvent.js
397 silly gunzTarPerm extractEntry src/browser/syntheticEvents/SyntheticUIEvent.js
398 silly gunzTarPerm extractEntry src/browser/syntheticEvents/SyntheticWheelEvent.js
399 silly gunzTarPerm extractEntry src/browser/syntheticEvents/SyntheticKeyboardEvent.js
400 silly gunzTarPerm extractEntry src/browser/syntheticEvents/__tests__/SyntheticEvent-test.js
401 silly gunzTarPerm extractEntry src/browser/syntheticEvents/__tests__/SyntheticWheelEvent-test.js
402 silly gunzTarPerm extractEntry src/browser/ui/React.js
403 silly gunzTarPerm extractEntry src/browser/ui/ReactComponentBrowserEnvironment.js
404 silly gunzTarPerm extractEntry src/browser/ui/ReactDOMComponent.js
405 silly gunzTarPerm extractEntry src/browser/ui/ReactDOMIDOperations.js
406 silly gunzTarPerm extractEntry src/browser/ui/ReactDOMSelection.js
407 silly gunzTarPerm extractEntry src/browser/ui/ReactDefaultInjection.js
408 silly gunzTarPerm extractEntry src/browser/ui/ReactBrowserComponentMixin.js
409 silly gunzTarPerm extractEntry src/browser/ui/ReactInjection.js
410 silly gunzTarPerm extractEntry src/browser/ui/ReactInputSelection.js
411 silly gunzTarPerm extractEntry src/browser/ui/ReactMount.js
412 silly gunzTarPerm extractEntry src/browser/ui/getReactRootElementInContainer.js
413 silly gunzTarPerm extractEntry src/browser/ui/ReactEventListener.js
414 silly gunzTarPerm extractEntry src/browser/ui/__tests__/ReactDOMComponent-test.js
415 silly gunzTarPerm extractEntry src/browser/ui/__tests__/ReactDOMIDOperations-test.js
416 silly gunzTarPerm extractEntry src/browser/ui/__tests__/ReactEventListener-test.js
417 silly gunzTarPerm extractEntry src/browser/ui/__tests__/ReactMount-test.js
418 silly gunzTarPerm extractEntry src/browser/ui/__tests__/ReactMountDestruction-test.js
419 silly gunzTarPerm extractEntry src/browser/ui/__tests__/ReactRenderDocument-test.js
420 silly gunzTarPerm extractEntry src/browser/ui/dom/CSSProperty.js
421 silly gunzTarPerm extractEntry src/browser/ui/dom/HTMLDOMPropertyConfig.js
422 silly gunzTarPerm extractEntry src/browser/ui/dom/SVGDOMPropertyConfig.js
423 silly gunzTarPerm extractEntry src/browser/ui/dom/ViewportMetrics.js
424 silly gunzTarPerm extractEntry src/browser/ui/dom/Danger.js
425 silly gunzTarPerm extractEntry src/browser/ui/dom/CSSPropertyOperations.js
426 silly gunzTarPerm extractEntry src/browser/ui/dom/dangerousStyleValue.js
427 silly gunzTarPerm extractEntry src/browser/ui/dom/getEventCharCode.js
428 silly gunzTarPerm extractEntry src/browser/ui/dom/getEventKey.js
429 silly gunzTarPerm extractEntry src/browser/ui/dom/getEventModifierState.js
430 silly gunzTarPerm extractEntry src/browser/ui/dom/DOMPropertyOperations.js
431 silly gunzTarPerm extractEntry src/browser/ui/dom/getEventTarget.js
432 silly gunzTarPerm extractEntry src/browser/ui/dom/DOMProperty.js
433 silly gunzTarPerm extractEntry src/browser/ui/dom/getNodeForCharacterOffset.js
434 silly gunzTarPerm extractEntry src/browser/ui/dom/DOMChildrenOperations.js
435 silly gunzTarPerm extractEntry src/browser/ui/dom/getTextContentAccessor.js
436 silly gunzTarPerm extractEntry src/browser/ui/dom/isEventSupported.js
437 silly gunzTarPerm extractEntry src/browser/ui/dom/setInnerHTML.js
438 silly gunzTarPerm extractEntry src/browser/ui/dom/__tests__/CSSProperty-test.js
439 silly gunzTarPerm extractEntry src/browser/ui/dom/__tests__/CSSPropertyOperations-test.js
440 silly gunzTarPerm extractEntry src/browser/ui/dom/__tests__/DOMPropertyOperations-test.js
441 silly gunzTarPerm extractEntry src/browser/ui/dom/__tests__/Danger-test.js
442 silly gunzTarPerm extractEntry src/browser/ui/dom/__tests__/getNodeForCharacterOffset-test.js
443 silly gunzTarPerm extractEntry src/browser/ui/dom/components/AutoFocusMixin.js
444 silly gunzTarPerm extractEntry src/browser/ui/dom/components/LocalEventTrapMixin.js
445 silly gunzTarPerm extractEntry src/browser/ui/dom/components/ReactDOMButton.js
446 silly gunzTarPerm extractEntry src/browser/ui/dom/components/ReactDOMForm.js
447 silly gunzTarPerm extractEntry src/browser/ui/dom/components/ReactDOMImg.js
448 silly gunzTarPerm extractEntry src/browser/ui/dom/components/LinkedValueUtils.js
449 silly gunzTarPerm extractEntry src/browser/ui/dom/components/ReactDOMOption.js
450 silly gunzTarPerm extractEntry src/browser/ui/dom/components/ReactDOMSelect.js
451 silly gunzTarPerm extractEntry src/browser/ui/dom/components/ReactDOMTextarea.js
452 silly gunzTarPerm extractEntry src/browser/ui/dom/components/createFullPageComponent.js
453 silly gunzTarPerm extractEntry src/browser/ui/dom/components/ReactDOMInput.js
454 silly gunzTarPerm extractEntry src/browser/ui/dom/components/__tests__/ReactDOMButton-test.js
455 silly gunzTarPerm extractEntry src/browser/ui/dom/components/__tests__/ReactDOMInput-test.js
456 silly gunzTarPerm extractEntry src/browser/ui/dom/components/__tests__/ReactDOMSelect-test.js
457 silly gunzTarPerm extractEntry src/browser/ui/dom/components/__tests__/ReactDOMTextarea-test.js
458 silly gunzTarPerm extractEntry src/core/ReactComponent.js
459 silly gunzTarPerm extractEntry src/core/ReactEventEmitterMixin.js
460 silly gunzTarPerm extractEntry src/core/ReactInstanceHandles.js
461 silly gunzTarPerm extractEntry src/core/ReactLegacyElement.js
462 silly gunzTarPerm extractEntry src/core/ReactEmptyComponent.js
463 silly gunzTarPerm extractEntry src/core/ReactCompositeComponent.js
464 silly gunzTarPerm extractEntry src/core/ReactNativeComponent.js
465 silly gunzTarPerm extractEntry src/core/ReactOwner.js
466 silly gunzTarPerm extractEntry src/core/ReactPropTransferer.js
467 silly gunzTarPerm extractEntry src/core/ReactPropTypeLocationNames.js
468 silly gunzTarPerm extractEntry src/core/ReactElementValidator.js
469 silly gunzTarPerm extractEntry src/core/ReactPropTypeLocations.js
470 silly gunzTarPerm extractEntry src/core/ReactElement.js
471 silly gunzTarPerm extractEntry src/core/ReactPropTypes.js
472 silly gunzTarPerm extractEntry src/core/ReactDoNotBindDeprecated.js
473 silly gunzTarPerm extractEntry src/core/ReactRootIndex.js
474 silly gunzTarPerm extractEntry src/core/ReactDefaultBatchingStrategy.js
475 silly gunzTarPerm extractEntry src/core/ReactStateSetters.js
476 silly gunzTarPerm extractEntry src/core/ReactCurrentOwner.js
477 silly gunzTarPerm extractEntry src/core/ReactUpdates.js
478 silly gunzTarPerm extractEntry src/core/ReactContext.js
479 silly gunzTarPerm extractEntry src/core/instantiateReactComponent.js
480 silly gunzTarPerm extractEntry src/core/ReactMultiChild.js
481 silly gunzTarPerm extractEntry src/core/shouldUpdateReactComponent.js
482 silly gunzTarPerm extractEntry src/core/ReactMultiChildUpdateTypes.js
483 silly gunzTarPerm extractEntry src/core/__tests__/ReactBind-test.js
484 silly gunzTarPerm extractEntry src/core/__tests__/ReactCompositeComponentSpec-test.js
485 silly gunzTarPerm extractEntry src/core/__tests__/ReactCompositeComponentState-test.js
486 silly gunzTarPerm extractEntry src/core/__tests__/ReactElement-test.js
487 silly gunzTarPerm extractEntry src/core/__tests__/ReactIdentity-test.js
488 silly gunzTarPerm extractEntry src/core/__tests__/ReactCompositeComponentMixin-test.js
489 silly gunzTarPerm extractEntry src/core/__tests__/ReactMultiChild-test.js
490 silly gunzTarPerm extractEntry src/core/__tests__/ReactMultiChildReconcile-test.js
491 silly gunzTarPerm extractEntry src/core/__tests__/ReactMultiChildText-test.js
492 silly gunzTarPerm extractEntry src/core/__tests__/ReactPropTransferer-test.js
493 silly gunzTarPerm extractEntry src/core/__tests__/ReactPropTypes-test.js
494 silly gunzTarPerm extractEntry src/core/__tests__/ReactCompositeComponentError-test.js
495 silly gunzTarPerm extractEntry src/core/__tests__/ReactStateSetters-test.js
496 silly gunzTarPerm extractEntry src/core/__tests__/ReactCompositeComponentDOMMinimalism-test.js
497 silly gunzTarPerm extractEntry src/core/__tests__/ReactTextComponent-test.js
498 silly gunzTarPerm extractEntry src/core/__tests__/ReactCompositeComponent-test.js
499 silly gunzTarPerm extractEntry src/core/__tests__/ReactUpdates-test.js
500 silly gunzTarPerm extractEntry src/core/__tests__/ReactComponentLifeCycle-test.js
501 silly gunzTarPerm extractEntry src/core/__tests__/refs-destruction-test.js
502 silly gunzTarPerm extractEntry src/core/__tests__/ReactComponent-test.js
503 silly gunzTarPerm extractEntry src/core/__tests__/refs-test.js
504 silly gunzTarPerm extractEntry src/core/__tests__/ReactInstanceHandles-test.js
505 silly gunzTarPerm extractEntry src/event/EventConstants.js
506 silly gunzTarPerm extractEntry src/event/EventPluginHub.js
507 silly gunzTarPerm extractEntry src/event/EventPluginRegistry.js
508 silly gunzTarPerm extractEntry src/event/EventPluginUtils.js
509 silly gunzTarPerm extractEntry src/event/EventPropagators.js
510 silly gunzTarPerm extractEntry src/event/__tests__/EventPluginHub-test.js
511 silly gunzTarPerm extractEntry src/event/__tests__/EventPluginRegistry-test.js
512 silly gunzTarPerm extractEntry src/test/ReactDefaultPerf.js
513 silly gunzTarPerm extractEntry src/test/ReactTestUtils.js
514 silly gunzTarPerm extractEntry src/test/all.js
515 silly gunzTarPerm extractEntry src/test/createHierarchyRenderer.js
516 silly gunzTarPerm extractEntry src/test/ReactPerf.js
517 silly gunzTarPerm extractEntry src/test/mock-modules.js
518 silly gunzTarPerm extractEntry src/test/mock-timers.js
519 silly gunzTarPerm extractEntry src/test/mocks.js
520 silly gunzTarPerm extractEntry src/test/phantomjs-shims.js
521 silly gunzTarPerm extractEntry src/test/reactComponentExpect.js
522 silly gunzTarPerm extractEntry src/test/ReactDefaultPerfAnalysis.js
523 silly gunzTarPerm extractEntry src/test/worker.js
524 silly gunzTarPerm extractEntry src/test/getTestDocument.js
525 silly gunzTarPerm extractEntry src/utils/CallbackQueue.js
526 silly gunzTarPerm extractEntry src/utils/accumulate.js
527 silly gunzTarPerm extractEntry src/utils/accumulateInto.js
528 silly gunzTarPerm extractEntry src/utils/adler32.js
529 silly gunzTarPerm extractEntry src/utils/cloneWithProps.js
530 silly gunzTarPerm extractEntry src/utils/sliceChildren.js
531 silly gunzTarPerm extractEntry src/utils/escapeTextForBrowser.js
532 silly gunzTarPerm extractEntry src/utils/flattenChildren.js
533 silly gunzTarPerm extractEntry src/utils/forEachAccumulated.js
534 silly gunzTarPerm extractEntry src/utils/isTextInputElement.js
535 silly gunzTarPerm extractEntry src/utils/joinClasses.js
536 silly gunzTarPerm extractEntry src/utils/Transaction.js
537 silly gunzTarPerm extractEntry src/utils/keyMirror.js
538 silly gunzTarPerm extractEntry src/utils/ReactChildren.js
539 silly gunzTarPerm extractEntry src/utils/memoizeStringOnly.js
540 silly gunzTarPerm extractEntry src/utils/PooledClass.js
541 silly gunzTarPerm extractEntry src/utils/onlyChild.js
542 silly gunzTarPerm extractEntry src/utils/OrderedMap.js
543 silly gunzTarPerm extractEntry src/utils/shallowEqual.js
544 silly gunzTarPerm extractEntry src/utils/LegacyImmutableObject.js
545 silly gunzTarPerm extractEntry src/utils/traverseAllChildren.js
546 silly gunzTarPerm extractEntry src/utils/deprecated.js
547 silly gunzTarPerm extractEntry src/utils/__tests__/LegacyImmutableObject-test.js
548 silly gunzTarPerm extractEntry src/utils/__tests__/ReactChildren-test.js
549 silly gunzTarPerm extractEntry src/utils/__tests__/Transaction-test.js
550 silly gunzTarPerm extractEntry src/utils/__tests__/accumulateInto-test.js
551 silly gunzTarPerm extractEntry src/utils/__tests__/cloneWithProps-test.js
552 silly gunzTarPerm extractEntry src/utils/__tests__/PooledClass-test.js
553 silly gunzTarPerm extractEntry src/utils/__tests__/joinClasses-test.js
554 silly gunzTarPerm extractEntry src/utils/__tests__/keyMirror-test.js
555 silly gunzTarPerm extractEntry src/utils/__tests__/memoizeStringOnly-test.js
556 silly gunzTarPerm extractEntry src/utils/__tests__/onlyChild-test.js
557 silly gunzTarPerm extractEntry src/utils/__tests__/sliceChildren-test.js
558 silly gunzTarPerm extractEntry src/utils/__tests__/OrderedMap-test.js
559 silly gunzTarPerm extractEntry src/utils/__tests__/traverseAllChildren-test.js
560 silly gunzTarPerm extractEntry src/utils/__tests__/escapeTextForBrowser-test.js
561 silly gunzTarPerm extractEntry src/vendor/README.md
562 silly gunzTarPerm extractEntry src/vendor/core/CSSCore.js
563 silly gunzTarPerm extractEntry src/vendor/core/emptyFunction.js
564 silly gunzTarPerm extractEntry src/vendor/core/emptyObject.js
565 silly gunzTarPerm extractEntry src/vendor/core/getMarkupWrap.js
566 silly gunzTarPerm extractEntry src/vendor/core/toArray.js
567 silly gunzTarPerm extractEntry src/vendor/core/ExecutionEnvironment.js
568 silly gunzTarPerm extractEntry src/vendor/core/invariant.js
569 silly gunzTarPerm extractEntry src/vendor/core/keyOf.js
570 silly gunzTarPerm extractEntry src/vendor/core/mapObject.js
571 silly gunzTarPerm extractEntry src/vendor/core/mergeDeep.js
572 silly gunzTarPerm extractEntry src/vendor/core/createNodesFromMarkup.js
573 silly gunzTarPerm extractEntry src/vendor/core/mergeDeepInto.js
574 silly gunzTarPerm extractEntry src/vendor/core/createArrayFrom.js
575 silly gunzTarPerm extractEntry src/vendor/core/mergeHelpers.js
576 silly gunzTarPerm extractEntry src/vendor/core/camelizeStyleName.js
577 silly gunzTarPerm extractEntry src/vendor/core/monitorCodeUse.js
578 silly gunzTarPerm extractEntry src/vendor/core/camelize.js
579 silly gunzTarPerm extractEntry src/vendor/core/nativeRequestAnimationFrame.js
580 silly gunzTarPerm extractEntry src/vendor/core/TouchEventUtils.js
581 silly gunzTarPerm extractEntry src/vendor/core/requestAnimationFrame.js
582 silly gunzTarPerm extractEntry src/vendor/core/hyphenate.js
583 silly gunzTarPerm extractEntry src/vendor/core/warning.js
584 silly gunzTarPerm extractEntry src/vendor/core/hyphenateStyleName.js
585 silly gunzTarPerm extractEntry src/vendor/core/dom/containsNode.js
586 silly gunzTarPerm extractEntry src/vendor/core/dom/focusNode.js
587 silly gunzTarPerm extractEntry src/vendor/core/dom/getActiveElement.js
588 silly gunzTarPerm extractEntry src/vendor/core/dom/getUnboundedScrollPosition.js
589 silly gunzTarPerm extractEntry src/vendor/core/dom/isNode.js
590 silly gunzTarPerm extractEntry src/vendor/core/dom/isTextNode.js
591 silly gunzTarPerm extractEntry src/vendor/immutable/Immutable.js
592 silly gunzTarPerm extractEntry src/vendor/immutable/ImmutableObject.js
593 silly gunzTarPerm extractEntry src/vendor/performance/performance.js
594 silly gunzTarPerm extractEntry src/vendor/performance/performanceNow.js
595 silly gunzTarPerm extractEntry src/vendor/stubs/EventListener.js
596 silly gunzTarPerm extractEntry src/vendor/stubs/Object.assign.js
597 silly gunzTarPerm extractEntry src/vendor/stubs/ReactErrorUtils.js
598 silly gunzTarPerm extractEntry src/vendor/stubs/cx.js
599 silly gunzTarPerm extractEntry src/vendor_deprecated/README.md
600 silly gunzTarPerm extractEntry src/vendor_deprecated/core/copyProperties.js
601 silly gunzTarPerm extractEntry src/vendor_deprecated/core/merge.js
602 silly gunzTarPerm extractEntry src/vendor_deprecated/core/mergeInto.js
603 silly gunzTarPerm extractEntry vendor/fbtransform/syntax.js
604 silly gunzTarPerm extractEntry vendor/fbtransform/visitors.js
605 silly gunzTarPerm extractEntry vendor/fbtransform/transforms/react.js
606 silly gunzTarPerm extractEntry vendor/fbtransform/transforms/reactDisplayName.js
607 silly gunzTarPerm extractEntry vendor/fbtransform/transforms/xjs.js
608 silly gunzTarPerm extractEntry vendor/fbtransform/transforms/__tests__/react-displayName-test.js
609 silly gunzTarPerm extractEntry vendor/fbtransform/transforms/__tests__/react-test.js
610 silly lockFile 037f6689-e-npm-react-tools-0-12-1-package tar:///home/2013/dblade/.npm/react-tools/0.12.1/package
611 silly lockFile 037f6689-e-npm-react-tools-0-12-1-package tar:///home/2013/dblade/.npm/react-tools/0.12.1/package
612 silly lockFile 8edb5994-m-react-tools-0-12-1-package-tgz tar:///home/2013/dblade/.npm/react-tools/0.12.1/package.tgz
613 silly lockFile 8edb5994-m-react-tools-0-12-1-package-tgz tar:///home/2013/dblade/.npm/react-tools/0.12.1/package.tgz
614 verbose chmod /home/2013/dblade/.npm/react-tools/0.12.1/package.tgz 644
615 verbose chown /home/2013/dblade/.npm/react-tools/0.12.1/package.tgz [ 22903, 65534 ]
616 silly lockFile 3810a535-act-tools-react-tools-0-12-1-tgz https://registry.npmjs.org/react-tools/-/react-tools-0.12.1.tgz
617 silly lockFile 3810a535-act-tools-react-tools-0-12-1-tgz https://registry.npmjs.org/react-tools/-/react-tools-0.12.1.tgz
618 silly lockFile a591857b-react-tools-0-12-1 react-tools@0.12.1
619 silly lockFile a591857b-react-tools-0-12-1 react-tools@0.12.1
620 silly lockFile 47fcd5e0-react-tools react-tools@
621 silly lockFile 47fcd5e0-react-tools react-tools@
622 silly resolved [ { name: 'react-tools',
622 silly resolved     description: 'A set of complementary tools to React, including the JSX transformer.',
622 silly resolved     version: '0.12.1',
622 silly resolved     keywords: [ 'react', 'jsx', 'transformer', 'view' ],
622 silly resolved     homepage: 'http://facebook.github.io/react',
622 silly resolved     bugs: { url: 'https://github.com/facebook/react/issues' },
622 silly resolved     license: 'BSD-3-Clause',
622 silly resolved     files: [ 'main.js', 'bin/jsx', 'src/', 'vendor/fbtransform/' ],
622 silly resolved     main: 'main.js',
622 silly resolved     bin: { jsx: './bin/jsx' },
622 silly resolved     repository: { type: 'git', url: 'https://github.com/facebook/react' },
622 silly resolved     dependencies: { commoner: '^0.10.0', jstransform: '^8.2.0' },
622 silly resolved     devDependencies:
622 silly resolved      { benchmark: '~1.0.0',
622 silly resolved        browserify: '^6.1.0',
622 silly resolved        coverify: '~1.0.4',
622 silly resolved        derequire: '^1.2.0',
622 silly resolved        envify: '^3.0.0',
622 silly resolved        es3ify: '~0.1.2',
622 silly resolved        'es5-shim': '^4.0.0',
622 silly resolved        grunt: '~0.4.2',
622 silly resolved        'grunt-cli': '~0.1.9',
622 silly resolved        'grunt-compare-size': '~0.4.0',
622 silly resolved        'grunt-contrib-clean': '^0.6.0',
622 silly resolved        'grunt-contrib-compress': '^0.12.0',
622 silly resolved        'grunt-contrib-connect': '~0.6.0',
622 silly resolved        'grunt-contrib-copy': '^0.6.0',
622 silly resolved        'grunt-contrib-jshint': '^0.10.0',
622 silly resolved        'gzip-js': '~0.3.2',
622 silly resolved        'jasmine-tapreporter': '~0.2.2',
622 silly resolved        'jest-cli': '~0.1.5',
622 silly resolved        lodash: '~2.4.1',
622 silly resolved        optimist: '~0.6.0',
622 silly resolved        phantomjs: '~1.9',
622 silly resolved        platform: '^1.1.0',
622 silly resolved        populist: '~0.1.6',
622 silly resolved        recast: '^0.7.2',
622 silly resolved        'sauce-tunnel': '~1.1.0',
622 silly resolved        tmp: '~0.0.18',
622 silly resolved        'uglify-js': '~2.4.0',
622 silly resolved        uglifyify: '^2.4.0',
622 silly resolved        wd: '~0.2.6' },
622 silly resolved     engines: { node: '>=0.10.0' },
622 silly resolved     preferGlobal: true,
622 silly resolved     commonerConfig: { version: 4 },
622 silly resolved     scripts: { test: './node_modules/.bin/grunt test', jest: 'jest' },
622 silly resolved     jest:
622 silly resolved      { rootDir: '',
622 silly resolved        scriptPreprocessor: 'jest/preprocessor.js',
622 silly resolved        setupEnvScriptFile: 'jest/environment.js',
622 silly resolved        modulePathIgnorePatterns: [Object],
622 silly resolved        testPathIgnorePatterns: [Object],
622 silly resolved        unmockedModulePathPatterns: [Object] },
622 silly resolved     readme: '# react-tools\n\nThis package compliments the usage of [React](http://facebook.github.io/react/). It ships with tools that are often used in conjunction.\n\n## JSX\n\nThis package installs a `jsx` executable that can be used to transform JSX into vanilla JS. This is often used as part of a build step. This transform is also exposed as an API.\n\n## Usage\n\n### Command Line\n\n    Usage: jsx [options] <source directory> <output directory> [<module ID> [<module ID> ...]]\n\n    Options:\n\n      -h, --help                               output usage information\n      -V, --version                            output the version number\n      -c, --config [file]                      JSON configuration file (no file or - means STDIN)\n      -w, --watch                              Continually rebuild\n      -x, --extension <js | coffee | ...>      File extension to assume when resolving module identifiers\n      --relativize                             Rewrite all module identifiers to be relative\n      --follow-requires                        Scan modules for required dependencies\n      --cache-dir <directory>                  Alternate directory to use for disk cache\n      --no-cache-dir                           Disable the disk cache\n      --source-charset <utf8 | win1252 | ...>  Charset of source (default: utf8)\n      --output-charset <utf8 | win1252 | ...>  Charset of output (default: utf8)\n      --harmony                                Turns on JS transformations such as ES6 Classes etc.\n      --source-map-inline                      Embed inline sourcemap in transformed source\n      --strip-types                            Strips out type annotations\n\n## API\n\n### `transform(inputString, options)`\n\noption | values | default\n-------|--------|---------\n`sourceMap` | `true`: append inline source map at the end of the transformed source | `false`\n`harmony` | `true`: enable ES6 features | `false`\n`sourceFilename` | the output filename for the source map | `"source.js"`\n`stripTypes` | `true`: strips out type annotations | `false`\n\n```js\nvar reactTools = require(\'react-tools\');\n\nreactTools.transform(string, options);\n```\n\n### `transformWithDetails(inputString, options)`\n\nJust like `transform`, but outputs an object:\n```js\n{\n  code: outputString,\n  sourceMap: theSourceMap // Only if the `sourceMap` option is `true`.\n}\n```\n',
622 silly resolved     readmeFilename: 'README.md',
622 silly resolved     _id: 'react-tools@0.12.1',
622 silly resolved     dist: { shasum: '003088089309518a51d112145dec391e49c7ea5d' },
622 silly resolved     _from: 'react-tools@',
622 silly resolved     _resolved: 'https://registry.npmjs.org/react-tools/-/react-tools-0.12.1.tgz' } ]
623 info install react-tools@0.12.1 into /usr/lib
624 info installOne react-tools@0.12.1
625 info /usr/lib/node_modules/react-tools unbuild
626 verbose tar unpack /home/2013/dblade/.npm/react-tools/0.12.1/package.tgz
627 silly lockFile eaf1e453-usr-lib-node-modules-react-tools tar:///usr/lib/node_modules/react-tools
628 verbose lock tar:///usr/lib/node_modules/react-tools /home/2013/dblade/.npm/eaf1e453-usr-lib-node-modules-react-tools.lock
629 silly lockFile 8edb5994-m-react-tools-0-12-1-package-tgz tar:///home/2013/dblade/.npm/react-tools/0.12.1/package.tgz
630 verbose lock tar:///home/2013/dblade/.npm/react-tools/0.12.1/package.tgz /home/2013/dblade/.npm/8edb5994-m-react-tools-0-12-1-package-tgz.lock
631 silly gunzTarPerm modes [ '755', '644' ]
632 error Error: EROFS, mkdir '/usr/lib/node_modules/react-tools'
633 error If you need help, you may report this log at:
633 error     <http://github.com/isaacs/npm/issues>
633 error or email it to:
633 error     <npm-@googlegroups.com>
634 error System Linux 3.2.0-29-generic-pae
635 error command "node" "/usr/bin/npm" "install" "-g" "react-tools"
636 error cwd /home/2013/dblade/public_html/cs307/photononymous/react-0.12.0
637 error node -v v0.10.21
638 error npm -v 1.3.12
639 error path /usr/lib/node_modules/react-tools
640 error fstream_path /usr/lib/node_modules/react-tools
641 error fstream_type Directory
642 error fstream_class DirWriter
643 error code EROFS
644 error errno 56
645 error fstream_stack /usr/lib/nodejs/npm/node_modules/fstream/lib/dir-writer.js:36:23
645 error fstream_stack /usr/lib/nodejs/npm/node_modules/mkdirp/index.js:37:53
645 error fstream_stack Object.oncomplete (fs.js:107:15)
646 verbose exit [ 56, true ]
